#
# There is insufficient memory for the Java Runtime Environment to continue.
# Native memory allocation (malloc) failed to allocate 1203696 bytes for Chunk::new
# Possible reasons:
#   The system is out of physical RAM or swap space
#   The process is running with CompressedOops enabled, and the Java Heap may be blocking the growth of the native heap
# Possible solutions:
#   Reduce memory load on the system
#   Increase physical memory or swap space
#   Check if swap backing store is full
#   Decrease Java heap size (-Xmx/-Xms)
#   Decrease number of Java threads
#   Decrease Java thread stack sizes (-Xss)
#   Set larger code cache with -XX:ReservedCodeCacheSize=
#   JVM is running with Unscaled Compressed Oops mode in which the Java heap is
#     placed in the first 4GB address space. The Java Heap base address is the
#     maximum limit for the native heap growth. Please use -XX:HeapBaseMinAddress
#     to set the Java Heap base and to place the Java Heap above 4GB virtual address.
# This output file may be truncated or incomplete.
#
#  Out of Memory Error (./src/hotspot/share/memory/arena.cpp:197), pid=5388, tid=11496
#
# JRE version: OpenJDK Runtime Environment (11.0.11+9) (build 11.0.11+9-b60-7590822)
# Java VM: OpenJDK 64-Bit Server VM (11.0.11+9-b60-7590822, mixed mode, tiered, compressed oops, g1 gc, windows-amd64)
# No core dump will be written. Minidumps are not enabled by default on client versions of Windows
#

---------------  S U M M A R Y ------------

Command Line: --add-opens=java.base/java.util=ALL-UNNAMED --add-opens=java.base/java.lang=ALL-UNNAMED --add-opens=java.base/java.lang.invoke=ALL-UNNAMED --add-opens=java.base/java.util=ALL-UNNAMED --add-opens=java.prefs/java.util.prefs=ALL-UNNAMED --add-opens=java.prefs/java.util.prefs=ALL-UNNAMED --add-opens=java.base/java.nio.charset=ALL-UNNAMED --add-opens=java.base/java.net=ALL-UNNAMED --add-opens=java.base/java.util.concurrent.atomic=ALL-UNNAMED -Xmx2048m -Dfile.encoding=UTF-8 -Duser.country=US -Duser.language=es -Duser.variant org.gradle.launcher.daemon.bootstrap.GradleDaemon 7.2

Host: Intel(R) Core(TM) i7-8565U CPU @ 1.80GHz, 8 cores, 7G,  Windows 10 , 64 bit Build 22000 (10.0.22000.434)
Time: Mon Apr 11 17:49:36 2022 Hora est. Pacífico, Sudamérica elapsed time: 6.775514 seconds (0d 0h 0m 6s)

---------------  T H R E A D  ---------------

Current thread (0x0000019aa48c6000):  JavaThread "C2 CompilerThread1" daemon [_thread_in_native, id=11496, stack(0x0000001e49a00000,0x0000001e49b00000)]


Current CompileTask:
C2:   6775 5730       4       org.objectweb.asm.SymbolTable::addConstantMemberReference (147 bytes)

Stack: [0x0000001e49a00000,0x0000001e49b00000]
Native frames: (J=compiled Java code, j=interpreted, Vv=VM code, C=native code)
V  [jvm.dll+0x5f214a]
V  [jvm.dll+0x726fb5]
V  [jvm.dll+0x7285cd]
V  [jvm.dll+0x728c83]
V  [jvm.dll+0x243278]
V  [jvm.dll+0xbc53c]
V  [jvm.dll+0xbca3c]
V  [jvm.dll+0x353e7d]
V  [jvm.dll+0x19895c]
V  [jvm.dll+0x1fc2ee]
V  [jvm.dll+0x1fb3d4]
V  [jvm.dll+0x183d6c]
V  [jvm.dll+0x209a57]
V  [jvm.dll+0x2082a1]
V  [jvm.dll+0x6ef58f]
V  [jvm.dll+0x6e80b5]
V  [jvm.dll+0x5f1036]
C  [ucrtbase.dll+0x26c0c]
C  [KERNEL32.DLL+0x154e0]
C  [ntdll.dll+0x485b]


---------------  P R O C E S S  ---------------

Threads class SMR info:
_java_thread_list=0x0000019aa783fb20, length=123, elements={
0x0000019a88b6c800, 0x0000019aa302e000, 0x0000019aa3024000, 0x0000019aa3033800,
0x0000019aa3035000, 0x0000019aa3036000, 0x0000019aa3039800, 0x0000019aa38a2000,
0x0000019aa38a4800, 0x0000019aa39f7800, 0x0000019aa5f56800, 0x0000019aa670e000,
0x0000019aa6e7a000, 0x0000019aa6268000, 0x0000019aa60c0000, 0x0000019aa50d1800,
0x0000019aa625d000, 0x0000019aa5dc6800, 0x0000019aa5f53800, 0x0000019aa48c7000,
0x0000019aa48c7800, 0x0000019aa48ca000, 0x0000019aa48cb000, 0x0000019aa48c6000,
0x0000019aa48c5000, 0x0000019aa48cc000, 0x0000019aa48c8800, 0x0000019aa6373800,
0x0000019aa637a000, 0x0000019aa6375800, 0x0000019aa6376800, 0x0000019aa6375000,
0x0000019aa6378000, 0x0000019aa6374000, 0x0000019aa637c800, 0x0000019aa637b800,
0x0000019aa637e800, 0x0000019aa6380800, 0x0000019aa637d000, 0x0000019aa6381000,
0x0000019aa6382000, 0x0000019aaa7d5000, 0x0000019aaa7da000, 0x0000019aaa7d7000,
0x0000019aaa7d9800, 0x0000019aaa7db000, 0x0000019aaa7d8800, 0x0000019aaa7db800,
0x0000019aaa7d6000, 0x0000019aaa7dc800, 0x0000019aaa7d7800, 0x0000019aaa7df000,
0x0000019aaa7dd800, 0x0000019aaa7e0000, 0x0000019aaa7e0800, 0x0000019aaa7e1800,
0x0000019aaa7e2000, 0x0000019aaa7e3000, 0x0000019aaa7e4000, 0x0000019aaa7de000,
0x0000019aa761d000, 0x0000019aa761a800, 0x0000019aa7617000, 0x0000019aa7618000,
0x0000019aa7619800, 0x0000019aa761d800, 0x0000019aa761e800, 0x0000019aa7618800,
0x0000019aa761c000, 0x0000019aa761f000, 0x0000019aa7620000, 0x0000019aa7621000,
0x0000019aa761b000, 0x0000019aa7623800, 0x0000019aa7621800, 0x0000019aa7626000,
0x0000019aa7622800, 0x0000019aa7625000, 0x0000019aa7624000, 0x0000019aa4125000,
0x0000019aa4126000, 0x0000019aa4128800, 0x0000019aa4122800, 0x0000019aa4124800,
0x0000019aa4126800, 0x0000019aa4129000, 0x0000019aa4123800, 0x0000019aa412b800,
0x0000019aa4127800, 0x0000019aa412c800, 0x0000019aa412b000, 0x0000019aa412d000,
0x0000019aa412f800, 0x0000019aa412a000, 0x0000019aa412f000, 0x0000019aa412e000,
0x0000019aa4130800, 0x0000019aa4131800, 0x0000019aa6625000, 0x0000019aa6623800,
0x0000019aa6624800, 0x0000019aa6626000, 0x0000019aa6622000, 0x0000019aa6622800,
0x0000019aa6626800, 0x0000019aa6621000, 0x0000019aa6628800, 0x0000019aa662c800,
0x0000019aa662d800, 0x0000019aa6627800, 0x0000019aa662e000, 0x0000019aa662b800,
0x0000019aa662f000, 0x0000019aa662b000, 0x0000019aa6629000, 0x0000019aa662f800,
0x0000019aa662a000, 0x0000019aa3c16000, 0x0000019aa3c13800, 0x0000019aa3c14000,
0x0000019aa3c16800, 0x0000019aa3c12800, 0x0000019aa3c15000
}

Java Threads: ( => current thread )
  0x0000019a88b6c800 JavaThread "main" [_thread_blocked, id=15140, stack(0x0000001e47400000,0x0000001e47500000)]
  0x0000019aa302e000 JavaThread "Reference Handler" daemon [_thread_blocked, id=18820, stack(0x0000001e47b00000,0x0000001e47c00000)]
  0x0000019aa3024000 JavaThread "Finalizer" daemon [_thread_blocked, id=13928, stack(0x0000001e47c00000,0x0000001e47d00000)]
  0x0000019aa3033800 JavaThread "Signal Dispatcher" daemon [_thread_blocked, id=17452, stack(0x0000001e47d00000,0x0000001e47e00000)]
  0x0000019aa3035000 JavaThread "Attach Listener" daemon [_thread_blocked, id=22068, stack(0x0000001e47e00000,0x0000001e47f00000)]
  0x0000019aa3036000 JavaThread "Service Thread" daemon [_thread_blocked, id=16448, stack(0x0000001e47f00000,0x0000001e48000000)]
  0x0000019aa3039800 JavaThread "C2 CompilerThread0" daemon [_thread_blocked, id=3244, stack(0x0000001e48000000,0x0000001e48100000)]
  0x0000019aa38a2000 JavaThread "C1 CompilerThread0" daemon [_thread_blocked, id=17104, stack(0x0000001e48100000,0x0000001e48200000)]
  0x0000019aa38a4800 JavaThread "Sweeper thread" daemon [_thread_blocked, id=5484, stack(0x0000001e48200000,0x0000001e48300000)]
  0x0000019aa39f7800 JavaThread "Common-Cleaner" daemon [_thread_blocked, id=18792, stack(0x0000001e48300000,0x0000001e48400000)]
  0x0000019aa5f56800 JavaThread "Daemon health stats" [_thread_blocked, id=7276, stack(0x0000001e48900000,0x0000001e48a00000)]
  0x0000019aa670e000 JavaThread "Incoming local TCP Connector on port 51789" [_thread_in_native, id=6488, stack(0x0000001e48500000,0x0000001e48600000)]
  0x0000019aa6e7a000 JavaThread "Daemon periodic checks" [_thread_blocked, id=10192, stack(0x0000001e48600000,0x0000001e48700000)]
  0x0000019aa6268000 JavaThread "Daemon" [_thread_blocked, id=764, stack(0x0000001e48a00000,0x0000001e48b00000)]
  0x0000019aa60c0000 JavaThread "Handler for socket connection from /127.0.0.1:51789 to /127.0.0.1:51790" [_thread_in_native, id=13948, stack(0x0000001e48b00000,0x0000001e48c00000)]
  0x0000019aa50d1800 JavaThread "Cancel handler" [_thread_blocked, id=14272, stack(0x0000001e48c00000,0x0000001e48d00000)]
  0x0000019aa625d000 JavaThread "Daemon worker" [_thread_in_Java, id=20616, stack(0x0000001e48d00000,0x0000001e48e00000)]
  0x0000019aa5dc6800 JavaThread "Asynchronous log dispatcher for DefaultDaemonConnection: socket connection from /127.0.0.1:51789 to /127.0.0.1:51790" [_thread_blocked, id=12992, stack(0x0000001e48e00000,0x0000001e48f00000)]
  0x0000019aa5f53800 JavaThread "Stdin handler" [_thread_blocked, id=17336, stack(0x0000001e48f00000,0x0000001e49000000)]
  0x0000019aa48c7000 JavaThread "Daemon client event forwarder" [_thread_blocked, id=5000, stack(0x0000001e49000000,0x0000001e49100000)]
  0x0000019aa48c7800 JavaThread "Cache worker for journal cache (D:\Descargas\appwarmi\Lybra_app\app\caches\journal-1)" [_thread_blocked, id=2232, stack(0x0000001e49600000,0x0000001e49700000)]
  0x0000019aa48ca000 JavaThread "File lock request listener" [_thread_in_native, id=21848, stack(0x0000001e49700000,0x0000001e49800000)]
  0x0000019aa48cb000 JavaThread "Cache worker for file hash cache (D:\Descargas\appwarmi\Lybra_app\app\caches\7.2\fileHashes)" [_thread_blocked, id=22344, stack(0x0000001e49800000,0x0000001e49900000)]
=>0x0000019aa48c6000 JavaThread "C2 CompilerThread1" daemon [_thread_in_native, id=11496, stack(0x0000001e49a00000,0x0000001e49b00000)]
  0x0000019aa48c5000 JavaThread "Cache worker for file hash cache (C:\Users\gluis\AndroidStudioProjects\AlercomApp\.gradle\7.2\fileHashes)" [_thread_blocked, id=4964, stack(0x0000001e49b00000,0x0000001e49c00000)]
  0x0000019aa48cc000 JavaThread "File watcher server" daemon [_thread_in_native, id=2796, stack(0x0000001e49c00000,0x0000001e49d00000)]
  0x0000019aa48c8800 JavaThread "File watcher consumer" daemon [_thread_blocked, id=18320, stack(0x0000001e49d00000,0x0000001e49e00000)]
  0x0000019aa6373800 JavaThread "Cache worker for checksums cache (C:\Users\gluis\AndroidStudioProjects\AlercomApp\.gradle\checksums)" [_thread_blocked, id=1436, stack(0x0000001e49e00000,0x0000001e49f00000)]
  0x0000019aa637a000 JavaThread "Cache worker for cache directory md-supplier (D:\Descargas\appwarmi\Lybra_app\app\caches\7.2\md-supplier)" [_thread_blocked, id=176, stack(0x0000001e49f00000,0x0000001e4a000000)]
  0x0000019aa6375800 JavaThread "C2 CompilerThread2" daemon [_thread_blocked, id=19944, stack(0x0000001e4a000000,0x0000001e4a100000)]
  0x0000019aa6376800 JavaThread "Cache worker for cache directory md-rule (D:\Descargas\appwarmi\Lybra_app\app\caches\7.2\md-rule)" [_thread_blocked, id=7936, stack(0x0000001e4a100000,0x0000001e4a200000)]
  0x0000019aa6375000 JavaThread "Cache worker for execution history cache (D:\Descargas\appwarmi\Lybra_app\app\caches\7.2\executionHistory)" [_thread_blocked, id=632, stack(0x0000001e4a200000,0x0000001e4a300000)]
  0x0000019aa6378000 JavaThread "jar transforms" [_thread_blocked, id=10908, stack(0x0000001e4a300000,0x0000001e4a400000)]
  0x0000019aa6374000 JavaThread "Cache worker for file content cache (D:\Descargas\appwarmi\Lybra_app\app\caches\7.2\fileContent)" [_thread_blocked, id=20204, stack(0x0000001e4a400000,0x0000001e4a500000)]
  0x0000019aa637c800 JavaThread "jar transforms Thread 2" [_thread_blocked, id=14208, stack(0x0000001e4a500000,0x0000001e4a600000)]
  0x0000019aa637b800 JavaThread "Cache worker for dependencies-accessors (C:\Users\gluis\AndroidStudioProjects\AlercomApp\.gradle\7.2\dependencies-accessors)" [_thread_blocked, id=16612, stack(0x0000001e4a600000,0x0000001e4a700000)]
  0x0000019aa637e800 JavaThread "jar transforms Thread 3" [_thread_blocked, id=6692, stack(0x0000001e4a700000,0x0000001e4a800000)]
  0x0000019aa6380800 JavaThread "Cache worker for Build Output Cleanup Cache (C:\Users\gluis\AndroidStudioProjects\AlercomApp\.gradle\buildOutputCleanup)" [_thread_blocked, id=5748, stack(0x0000001e4a800000,0x0000001e4a900000)]
  0x0000019aa637d000 JavaThread "Unconstrained build operations" [_thread_blocked, id=16764, stack(0x0000001e4a900000,0x0000001e4aa00000)]
  0x0000019aa6381000 JavaThread "Unconstrained build operations Thread 2" [_thread_blocked, id=2920, stack(0x0000001e4aa00000,0x0000001e4ab00000)]
  0x0000019aa6382000 JavaThread "Unconstrained build operations Thread 3" [_thread_blocked, id=16636, stack(0x0000001e4ab00000,0x0000001e4ac00000)]
  0x0000019aaa7d5000 JavaThread "Unconstrained build operations Thread 4" [_thread_blocked, id=21620, stack(0x0000001e4ac00000,0x0000001e4ad00000)]
  0x0000019aaa7da000 JavaThread "Unconstrained build operations Thread 5" [_thread_blocked, id=12644, stack(0x0000001e4ad00000,0x0000001e4ae00000)]
  0x0000019aaa7d7000 JavaThread "Unconstrained build operations Thread 6" [_thread_blocked, id=11332, stack(0x0000001e4ae00000,0x0000001e4af00000)]
  0x0000019aaa7d9800 JavaThread "Unconstrained build operations Thread 7" [_thread_blocked, id=21248, stack(0x0000001e4af00000,0x0000001e4b000000)]
  0x0000019aaa7db000 JavaThread "Unconstrained build operations Thread 8" [_thread_blocked, id=21912, stack(0x0000001e4b000000,0x0000001e4b100000)]
  0x0000019aaa7d8800 JavaThread "Unconstrained build operations Thread 9" [_thread_blocked, id=15180, stack(0x0000001e4b100000,0x0000001e4b200000)]
  0x0000019aaa7db800 JavaThread "Unconstrained build operations Thread 10" [_thread_blocked, id=10532, stack(0x0000001e4b200000,0x0000001e4b300000)]
  0x0000019aaa7d6000 JavaThread "Unconstrained build operations Thread 11" [_thread_blocked, id=17500, stack(0x0000001e4b300000,0x0000001e4b400000)]
  0x0000019aaa7dc800 JavaThread "Unconstrained build operations Thread 12" [_thread_blocked, id=16420, stack(0x0000001e4b400000,0x0000001e4b500000)]
  0x0000019aaa7d7800 JavaThread "Unconstrained build operations Thread 13" [_thread_blocked, id=4548, stack(0x0000001e4b500000,0x0000001e4b600000)]
  0x0000019aaa7df000 JavaThread "Unconstrained build operations Thread 14" [_thread_blocked, id=13096, stack(0x0000001e4b600000,0x0000001e4b700000)]
  0x0000019aaa7dd800 JavaThread "Unconstrained build operations Thread 15" [_thread_blocked, id=18456, stack(0x0000001e4b700000,0x0000001e4b800000)]
  0x0000019aaa7e0000 JavaThread "Unconstrained build operations Thread 16" [_thread_blocked, id=22116, stack(0x0000001e4b800000,0x0000001e4b900000)]
  0x0000019aaa7e0800 JavaThread "Unconstrained build operations Thread 17" [_thread_blocked, id=8136, stack(0x0000001e4b900000,0x0000001e4ba00000)]
  0x0000019aaa7e1800 JavaThread "Unconstrained build operations Thread 18" [_thread_blocked, id=3660, stack(0x0000001e4ba00000,0x0000001e4bb00000)]
  0x0000019aaa7e2000 JavaThread "Unconstrained build operations Thread 19" [_thread_blocked, id=9500, stack(0x0000001e4bb00000,0x0000001e4bc00000)]
  0x0000019aaa7e3000 JavaThread "Unconstrained build operations Thread 20" [_thread_blocked, id=9596, stack(0x0000001e4bc00000,0x0000001e4bd00000)]
  0x0000019aaa7e4000 JavaThread "Unconstrained build operations Thread 21" [_thread_blocked, id=10692, stack(0x0000001e4bd00000,0x0000001e4be00000)]
  0x0000019aaa7de000 JavaThread "Unconstrained build operations Thread 22" [_thread_blocked, id=6420, stack(0x0000001e4be00000,0x0000001e4bf00000)]
  0x0000019aa761d000 JavaThread "Unconstrained build operations Thread 23" [_thread_blocked, id=16880, stack(0x0000001e4bf00000,0x0000001e4c000000)]
  0x0000019aa761a800 JavaThread "Unconstrained build operations Thread 24" [_thread_blocked, id=6104, stack(0x0000001e4c000000,0x0000001e4c100000)]
  0x0000019aa7617000 JavaThread "Unconstrained build operations Thread 25" [_thread_blocked, id=7056, stack(0x0000001e4c100000,0x0000001e4c200000)]
  0x0000019aa7618000 JavaThread "Unconstrained build operations Thread 26" [_thread_blocked, id=8520, stack(0x0000001e4c200000,0x0000001e4c300000)]
  0x0000019aa7619800 JavaThread "Unconstrained build operations Thread 27" [_thread_blocked, id=8856, stack(0x0000001e4c300000,0x0000001e4c400000)]
  0x0000019aa761d800 JavaThread "Unconstrained build operations Thread 28" [_thread_blocked, id=22436, stack(0x0000001e4c400000,0x0000001e4c500000)]
  0x0000019aa761e800 JavaThread "Unconstrained build operations Thread 29" [_thread_blocked, id=12416, stack(0x0000001e4c500000,0x0000001e4c600000)]
  0x0000019aa7618800 JavaThread "Unconstrained build operations Thread 30" [_thread_blocked, id=19724, stack(0x0000001e4c600000,0x0000001e4c700000)]
  0x0000019aa761c000 JavaThread "Unconstrained build operations Thread 31" [_thread_blocked, id=9120, stack(0x0000001e4c700000,0x0000001e4c800000)]
  0x0000019aa761f000 JavaThread "Unconstrained build operations Thread 32" [_thread_blocked, id=4264, stack(0x0000001e4c800000,0x0000001e4c900000)]
  0x0000019aa7620000 JavaThread "Unconstrained build operations Thread 33" [_thread_blocked, id=22044, stack(0x0000001e4c900000,0x0000001e4ca00000)]
  0x0000019aa7621000 JavaThread "Unconstrained build operations Thread 34" [_thread_blocked, id=4340, stack(0x0000001e4ca00000,0x0000001e4cb00000)]
  0x0000019aa761b000 JavaThread "Unconstrained build operations Thread 35" [_thread_blocked, id=5496, stack(0x0000001e4cb00000,0x0000001e4cc00000)]
  0x0000019aa7623800 JavaThread "Unconstrained build operations Thread 36" [_thread_blocked, id=17364, stack(0x0000001e4cc00000,0x0000001e4cd00000)]
  0x0000019aa7621800 JavaThread "Unconstrained build operations Thread 37" [_thread_blocked, id=18048, stack(0x0000001e4cd00000,0x0000001e4ce00000)]
  0x0000019aa7626000 JavaThread "Unconstrained build operations Thread 38" [_thread_blocked, id=6960, stack(0x0000001e4ce00000,0x0000001e4cf00000)]
  0x0000019aa7622800 JavaThread "Unconstrained build operations Thread 39" [_thread_blocked, id=13516, stack(0x0000001e4cf00000,0x0000001e4d000000)]
  0x0000019aa7625000 JavaThread "Unconstrained build operations Thread 40" [_thread_blocked, id=15632, stack(0x0000001e4d000000,0x0000001e4d100000)]
  0x0000019aa7624000 JavaThread "Unconstrained build operations Thread 41" [_thread_blocked, id=14756, stack(0x0000001e4d100000,0x0000001e4d200000)]
  0x0000019aa4125000 JavaThread "Unconstrained build operations Thread 42" [_thread_blocked, id=3548, stack(0x0000001e4d200000,0x0000001e4d300000)]
  0x0000019aa4126000 JavaThread "Unconstrained build operations Thread 43" [_thread_blocked, id=13940, stack(0x0000001e4d300000,0x0000001e4d400000)]
  0x0000019aa4128800 JavaThread "Unconstrained build operations Thread 44" [_thread_blocked, id=18572, stack(0x0000001e4d400000,0x0000001e4d500000)]
  0x0000019aa4122800 JavaThread "Unconstrained build operations Thread 45" [_thread_blocked, id=11096, stack(0x0000001e4d500000,0x0000001e4d600000)]
  0x0000019aa4124800 JavaThread "Unconstrained build operations Thread 46" [_thread_blocked, id=21880, stack(0x0000001e4d600000,0x0000001e4d700000)]
  0x0000019aa4126800 JavaThread "Unconstrained build operations Thread 47" [_thread_blocked, id=3416, stack(0x0000001e4d700000,0x0000001e4d800000)]
  0x0000019aa4129000 JavaThread "Unconstrained build operations Thread 48" [_thread_blocked, id=20328, stack(0x0000001e4d800000,0x0000001e4d900000)]
  0x0000019aa4123800 JavaThread "Unconstrained build operations Thread 49" [_thread_blocked, id=15776, stack(0x0000001e4d900000,0x0000001e4da00000)]
  0x0000019aa412b800 JavaThread "Unconstrained build operations Thread 50" [_thread_blocked, id=13372, stack(0x0000001e4da00000,0x0000001e4db00000)]
  0x0000019aa4127800 JavaThread "Unconstrained build operations Thread 51" [_thread_blocked, id=17164, stack(0x0000001e4db00000,0x0000001e4dc00000)]
  0x0000019aa412c800 JavaThread "Unconstrained build operations Thread 52" [_thread_blocked, id=624, stack(0x0000001e4dc00000,0x0000001e4dd00000)]
  0x0000019aa412b000 JavaThread "Unconstrained build operations Thread 53" [_thread_blocked, id=19636, stack(0x0000001e4dd00000,0x0000001e4de00000)]
  0x0000019aa412d000 JavaThread "Unconstrained build operations Thread 54" [_thread_blocked, id=20904, stack(0x0000001e4de00000,0x0000001e4df00000)]
  0x0000019aa412f800 JavaThread "Unconstrained build operations Thread 55" [_thread_blocked, id=3164, stack(0x0000001e4df00000,0x0000001e4e000000)]
  0x0000019aa412a000 JavaThread "Unconstrained build operations Thread 56" [_thread_blocked, id=7372, stack(0x0000001e4e000000,0x0000001e4e100000)]
  0x0000019aa412f000 JavaThread "Unconstrained build operations Thread 57" [_thread_blocked, id=15616, stack(0x0000001e4e100000,0x0000001e4e200000)]
  0x0000019aa412e000 JavaThread "Unconstrained build operations Thread 58" [_thread_blocked, id=15336, stack(0x0000001e4e200000,0x0000001e4e300000)]
  0x0000019aa4130800 JavaThread "Unconstrained build operations Thread 59" [_thread_blocked, id=8128, stack(0x0000001e4e300000,0x0000001e4e400000)]
  0x0000019aa4131800 JavaThread "Unconstrained build operations Thread 60" [_thread_blocked, id=5272, stack(0x0000001e4e400000,0x0000001e4e500000)]
  0x0000019aa6625000 JavaThread "Unconstrained build operations Thread 61" [_thread_blocked, id=20456, stack(0x0000001e4e500000,0x0000001e4e600000)]
  0x0000019aa6623800 JavaThread "Unconstrained build operations Thread 62" [_thread_blocked, id=15864, stack(0x0000001e4e600000,0x0000001e4e700000)]
  0x0000019aa6624800 JavaThread "Unconstrained build operations Thread 63" [_thread_blocked, id=1304, stack(0x0000001e4e700000,0x0000001e4e800000)]
  0x0000019aa6626000 JavaThread "Unconstrained build operations Thread 64" [_thread_blocked, id=14276, stack(0x0000001e4e800000,0x0000001e4e900000)]
  0x0000019aa6622000 JavaThread "Unconstrained build operations Thread 65" [_thread_blocked, id=10576, stack(0x0000001e4e900000,0x0000001e4ea00000)]
  0x0000019aa6622800 JavaThread "Unconstrained build operations Thread 66" [_thread_blocked, id=17948, stack(0x0000001e4ea00000,0x0000001e4eb00000)]
  0x0000019aa6626800 JavaThread "Unconstrained build operations Thread 67" [_thread_blocked, id=4620, stack(0x0000001e4eb00000,0x0000001e4ec00000)]
  0x0000019aa6621000 JavaThread "Unconstrained build operations Thread 68" [_thread_blocked, id=9540, stack(0x0000001e4ec00000,0x0000001e4ed00000)]
  0x0000019aa6628800 JavaThread "Unconstrained build operations Thread 69" [_thread_blocked, id=3512, stack(0x0000001e4ed00000,0x0000001e4ee00000)]
  0x0000019aa662c800 JavaThread "Unconstrained build operations Thread 70" [_thread_blocked, id=5440, stack(0x0000001e4ee00000,0x0000001e4ef00000)]
  0x0000019aa662d800 JavaThread "Unconstrained build operations Thread 71" [_thread_blocked, id=13104, stack(0x0000001e4ef00000,0x0000001e4f000000)]
  0x0000019aa6627800 JavaThread "Unconstrained build operations Thread 72" [_thread_blocked, id=5864, stack(0x0000001e4f000000,0x0000001e4f100000)]
  0x0000019aa662e000 JavaThread "Unconstrained build operations Thread 73" [_thread_blocked, id=15556, stack(0x0000001e4f100000,0x0000001e4f200000)]
  0x0000019aa662b800 JavaThread "Unconstrained build operations Thread 74" [_thread_blocked, id=10108, stack(0x0000001e4f200000,0x0000001e4f300000)]
  0x0000019aa662f000 JavaThread "Unconstrained build operations Thread 75" [_thread_blocked, id=21600, stack(0x0000001e4f300000,0x0000001e4f400000)]
  0x0000019aa662b000 JavaThread "Unconstrained build operations Thread 76" [_thread_blocked, id=21084, stack(0x0000001e4f400000,0x0000001e4f500000)]
  0x0000019aa6629000 JavaThread "Unconstrained build operations Thread 77" [_thread_blocked, id=9724, stack(0x0000001e4f500000,0x0000001e4f600000)]
  0x0000019aa662f800 JavaThread "Unconstrained build operations Thread 78" [_thread_blocked, id=14224, stack(0x0000001e4f600000,0x0000001e4f700000)]
  0x0000019aa662a000 JavaThread "Unconstrained build operations Thread 79" [_thread_blocked, id=6320, stack(0x0000001e4f700000,0x0000001e4f800000)]
  0x0000019aa3c16000 JavaThread "Unconstrained build operations Thread 80" [_thread_blocked, id=19524, stack(0x0000001e4f800000,0x0000001e4f900000)]
  0x0000019aa3c13800 JavaThread "jar transforms Thread 4" [_thread_blocked, id=3916, stack(0x0000001e4f900000,0x0000001e4fa00000)]
  0x0000019aa3c14000 JavaThread "jar transforms Thread 5" [_thread_blocked, id=16928, stack(0x0000001e4fa00000,0x0000001e4fb00000)]
  0x0000019aa3c16800 JavaThread "jar transforms Thread 6" [_thread_blocked, id=12500, stack(0x0000001e4fb00000,0x0000001e4fc00000)]
  0x0000019aa3c12800 JavaThread "jar transforms Thread 7" [_thread_blocked, id=14188, stack(0x0000001e4fc00000,0x0000001e4fd00000)]
  0x0000019aa3c15000 JavaThread "jar transforms Thread 8" [_thread_blocked, id=9104, stack(0x0000001e4fd00000,0x0000001e4fe00000)]

Other Threads:
  0x0000019aa3849800 VMThread "VM Thread" [stack: 0x0000001e47a00000,0x0000001e47b00000] [id=14144]
  0x0000019aa3a08000 WatcherThread [stack: 0x0000001e48400000,0x0000001e48500000] [id=20908]
  0x0000019a88b85000 GCTaskThread "GC Thread#0" [stack: 0x0000001e47500000,0x0000001e47600000] [id=21776]
  0x0000019aa474b000 GCTaskThread "GC Thread#1" [stack: 0x0000001e48700000,0x0000001e48800000] [id=6540]
  0x0000019aa4ae8800 GCTaskThread "GC Thread#2" [stack: 0x0000001e48800000,0x0000001e48900000] [id=21284]
  0x0000019aa5421800 GCTaskThread "GC Thread#3" [stack: 0x0000001e49100000,0x0000001e49200000] [id=7720]
  0x0000019aa54b0800 GCTaskThread "GC Thread#4" [stack: 0x0000001e49200000,0x0000001e49300000] [id=20716]
  0x0000019aa54b1000 GCTaskThread "GC Thread#5" [stack: 0x0000001e49300000,0x0000001e49400000] [id=1248]
  0x0000019aa58ca800 GCTaskThread "GC Thread#6" [stack: 0x0000001e49400000,0x0000001e49500000] [id=17672]
  0x0000019aa4cf8800 GCTaskThread "GC Thread#7" [stack: 0x0000001e49500000,0x0000001e49600000] [id=4204]
  0x0000019a88bb7800 ConcurrentGCThread "G1 Main Marker" [stack: 0x0000001e47600000,0x0000001e47700000] [id=18776]
  0x0000019a88bb9000 ConcurrentGCThread "G1 Conc#0" [stack: 0x0000001e47700000,0x0000001e47800000] [id=15960]
  0x0000019aa49d4800 ConcurrentGCThread "G1 Conc#1" [stack: 0x0000001e49900000,0x0000001e49a00000] [id=15908]
  0x0000019aa2e73800 ConcurrentGCThread "G1 Refine#0" [stack: 0x0000001e47800000,0x0000001e47900000] [id=18236]
  0x0000019aa2e74000 ConcurrentGCThread "G1 Young RemSet Sampling" [stack: 0x0000001e47900000,0x0000001e47a00000] [id=1340]

Threads with active compile tasks:
C1 CompilerThread0   6814 5765       3       java.lang.reflect.AccessibleObject::logIfExportedForIllegalAccess (54 bytes)
C2 CompilerThread1   6814 5730       4       org.objectweb.asm.SymbolTable::addConstantMemberReference (147 bytes)

VM state:not at safepoint (normal execution)

VM Mutex/Monitor currently owned by a thread: None

Heap address: 0x0000000080000000, size: 2048 MB, Compressed Oops mode: 32-bit
Narrow klass base: 0x0000000000000000, Narrow klass shift: 3
Compressed class space size: 1073741824 Address: 0x0000000100000000

Heap:
 garbage-first heap   total 155648K, used 117421K [0x0000000080000000, 0x0000000100000000)
  region size 1024K, 81 young (82944K), 7 survivors (7168K)
 Metaspace       used 56104K, capacity 57502K, committed 57548K, reserved 1099776K
  class space    used 7110K, capacity 7636K, committed 7680K, reserved 1048576K
Heap Regions: E=young(eden), S=young(survivor), O=old, HS=humongous(starts), HC=humongous(continues), CS=collection set, F=free, A=archive, TAMS=top-at-mark-start (previous, next)
|   0|0x0000000080000000, 0x0000000080100000, 0x0000000080100000|100%| O|  |TAMS 0x0000000080100000, 0x0000000080000000| Untracked 
|   1|0x0000000080100000, 0x0000000080200000, 0x0000000080200000|100%| O|  |TAMS 0x0000000080200000, 0x0000000080100000| Untracked 
|   2|0x0000000080200000, 0x0000000080300000, 0x0000000080300000|100%| O|  |TAMS 0x0000000080300000, 0x0000000080200000| Untracked 
|   3|0x0000000080300000, 0x0000000080400000, 0x0000000080400000|100%|HS|  |TAMS 0x0000000080400000, 0x0000000080300000| Complete 
|   4|0x0000000080400000, 0x0000000080500000, 0x0000000080500000|100%|HC|  |TAMS 0x0000000080500000, 0x0000000080400000| Complete 
|   5|0x0000000080500000, 0x0000000080600000, 0x0000000080600000|100%|HC|  |TAMS 0x0000000080600000, 0x0000000080500000| Complete 
|   6|0x0000000080600000, 0x0000000080700000, 0x0000000080700000|100%| O|  |TAMS 0x0000000080700000, 0x0000000080600000| Untracked 
|   7|0x0000000080700000, 0x0000000080800000, 0x0000000080800000|100%| O|  |TAMS 0x0000000080800000, 0x0000000080700000| Untracked 
|   8|0x0000000080800000, 0x0000000080900000, 0x0000000080900000|100%| O|  |TAMS 0x0000000080900000, 0x0000000080800000| Untracked 
|   9|0x0000000080900000, 0x0000000080a00000, 0x0000000080a00000|100%| O|  |TAMS 0x0000000080a00000, 0x0000000080900000| Untracked 
|  10|0x0000000080a00000, 0x0000000080b00000, 0x0000000080b00000|100%| O|  |TAMS 0x0000000080b00000, 0x0000000080a00000| Untracked 
|  11|0x0000000080b00000, 0x0000000080c00000, 0x0000000080c00000|100%| O|  |TAMS 0x0000000080c00000, 0x0000000080b00000| Untracked 
|  12|0x0000000080c00000, 0x0000000080d00000, 0x0000000080d00000|100%| O|  |TAMS 0x0000000080d00000, 0x0000000080c00000| Untracked 
|  13|0x0000000080d00000, 0x0000000080e00000, 0x0000000080e00000|100%| O|  |TAMS 0x0000000080e00000, 0x0000000080d00000| Untracked 
|  14|0x0000000080e00000, 0x0000000080f00000, 0x0000000080f00000|100%| O|  |TAMS 0x0000000080f00000, 0x0000000080e00000| Untracked 
|  15|0x0000000080f00000, 0x0000000081000000, 0x0000000081000000|100%| O|  |TAMS 0x0000000081000000, 0x0000000080f00000| Untracked 
|  16|0x0000000081000000, 0x0000000081100000, 0x0000000081100000|100%| O|  |TAMS 0x0000000081100000, 0x0000000081000000| Untracked 
|  17|0x0000000081100000, 0x0000000081200000, 0x0000000081200000|100%| O|  |TAMS 0x0000000081200000, 0x0000000081100000| Untracked 
|  18|0x0000000081200000, 0x0000000081300000, 0x0000000081300000|100%| O|  |TAMS 0x0000000081300000, 0x0000000081200000| Untracked 
|  19|0x0000000081300000, 0x0000000081400000, 0x0000000081400000|100%| O|  |TAMS 0x000000008131c200, 0x0000000081300000| Untracked 
|  20|0x0000000081400000, 0x0000000081500000, 0x0000000081500000|100%|HS|  |TAMS 0x0000000081400000, 0x0000000081400000| Complete 
|  21|0x0000000081500000, 0x0000000081600000, 0x0000000081600000|100%| O|  |TAMS 0x0000000081500000, 0x0000000081500000| Untracked 
|  22|0x0000000081600000, 0x0000000081700000, 0x0000000081700000|100%| O|  |TAMS 0x0000000081600000, 0x0000000081600000| Untracked 
|  23|0x0000000081700000, 0x0000000081800000, 0x0000000081800000|100%| O|  |TAMS 0x0000000081700000, 0x0000000081700000| Untracked 
|  24|0x0000000081800000, 0x0000000081900000, 0x0000000081900000|100%| O|  |TAMS 0x0000000081800000, 0x0000000081800000| Untracked 
|  25|0x0000000081900000, 0x0000000081a00000, 0x0000000081a00000|100%| O|  |TAMS 0x0000000081900000, 0x0000000081900000| Untracked 
|  26|0x0000000081a00000, 0x0000000081b00000, 0x0000000081b00000|100%| O|  |TAMS 0x0000000081a00000, 0x0000000081a00000| Untracked 
|  27|0x0000000081b00000, 0x0000000081bcb800, 0x0000000081c00000| 79%| O|  |TAMS 0x0000000081b00000, 0x0000000081b00000| Untracked 
|  28|0x0000000081c00000, 0x0000000081d00000, 0x0000000081d00000|100%|HS|  |TAMS 0x0000000081c00000, 0x0000000081c00000| Complete 
|  29|0x0000000081d00000, 0x0000000081e00000, 0x0000000081e00000|100%|HS|  |TAMS 0x0000000081d00000, 0x0000000081d00000| Complete 
|  30|0x0000000081e00000, 0x0000000081f00000, 0x0000000081f00000|100%|HS|  |TAMS 0x0000000081e00000, 0x0000000081e00000| Complete 
|  31|0x0000000081f00000, 0x0000000082000000, 0x0000000082000000|100%|HS|  |TAMS 0x0000000081f00000, 0x0000000081f00000| Complete 
|  32|0x0000000082000000, 0x0000000082100000, 0x0000000082100000|100%|HC|  |TAMS 0x0000000082000000, 0x0000000082000000| Complete 
|  33|0x0000000082100000, 0x0000000082200000, 0x0000000082200000|100%|HC|  |TAMS 0x0000000082100000, 0x0000000082100000| Complete 
|  34|0x0000000082200000, 0x0000000082300000, 0x0000000082300000|100%|HS|  |TAMS 0x0000000082200000, 0x0000000082200000| Complete 
|  35|0x0000000082300000, 0x0000000082400000, 0x0000000082400000|100%|HC|  |TAMS 0x0000000082300000, 0x0000000082300000| Complete 
|  36|0x0000000082400000, 0x0000000082400000, 0x0000000082500000|  0%| F|  |TAMS 0x0000000082400000, 0x0000000082400000| Untracked 
|  37|0x0000000082500000, 0x0000000082500000, 0x0000000082600000|  0%| F|  |TAMS 0x0000000082500000, 0x0000000082500000| Untracked 
|  38|0x0000000082600000, 0x0000000082600000, 0x0000000082700000|  0%| F|  |TAMS 0x0000000082600000, 0x0000000082600000| Untracked 
|  39|0x0000000082700000, 0x0000000082700000, 0x0000000082800000|  0%| F|  |TAMS 0x0000000082700000, 0x0000000082700000| Untracked 
|  40|0x0000000082800000, 0x0000000082800000, 0x0000000082900000|  0%| F|  |TAMS 0x0000000082800000, 0x0000000082800000| Untracked 
|  41|0x0000000082900000, 0x0000000082900000, 0x0000000082a00000|  0%| F|  |TAMS 0x0000000082900000, 0x0000000082900000| Untracked 
|  42|0x0000000082a00000, 0x0000000082a00000, 0x0000000082b00000|  0%| F|  |TAMS 0x0000000082a00000, 0x0000000082a00000| Untracked 
|  43|0x0000000082b00000, 0x0000000082b00000, 0x0000000082c00000|  0%| F|  |TAMS 0x0000000082b00000, 0x0000000082b00000| Untracked 
|  44|0x0000000082c00000, 0x0000000082c00000, 0x0000000082d00000|  0%| F|  |TAMS 0x0000000082c00000, 0x0000000082c00000| Untracked 
|  45|0x0000000082d00000, 0x0000000082d00000, 0x0000000082e00000|  0%| F|  |TAMS 0x0000000082d00000, 0x0000000082d00000| Untracked 
|  46|0x0000000082e00000, 0x0000000082e00000, 0x0000000082f00000|  0%| F|  |TAMS 0x0000000082e00000, 0x0000000082e00000| Untracked 
|  47|0x0000000082f00000, 0x0000000082f00000, 0x0000000083000000|  0%| F|  |TAMS 0x0000000082f00000, 0x0000000082f00000| Untracked 
|  48|0x0000000083000000, 0x0000000083000000, 0x0000000083100000|  0%| F|  |TAMS 0x0000000083000000, 0x0000000083000000| Untracked 
|  49|0x0000000083100000, 0x0000000083100000, 0x0000000083200000|  0%| F|  |TAMS 0x0000000083100000, 0x0000000083100000| Untracked 
|  50|0x0000000083200000, 0x0000000083200000, 0x0000000083300000|  0%| F|  |TAMS 0x0000000083200000, 0x0000000083200000| Untracked 
|  51|0x0000000083300000, 0x0000000083300000, 0x0000000083400000|  0%| F|  |TAMS 0x0000000083300000, 0x0000000083300000| Untracked 
|  52|0x0000000083400000, 0x0000000083400000, 0x0000000083500000|  0%| F|  |TAMS 0x0000000083400000, 0x0000000083400000| Untracked 
|  53|0x0000000083500000, 0x0000000083500000, 0x0000000083600000|  0%| F|  |TAMS 0x0000000083500000, 0x0000000083500000| Untracked 
|  54|0x0000000083600000, 0x0000000083600000, 0x0000000083700000|  0%| F|  |TAMS 0x0000000083600000, 0x0000000083600000| Untracked 
|  55|0x0000000083700000, 0x0000000083700000, 0x0000000083800000|  0%| F|  |TAMS 0x0000000083700000, 0x0000000083700000| Untracked 
|  56|0x0000000083800000, 0x0000000083800000, 0x0000000083900000|  0%| F|  |TAMS 0x0000000083800000, 0x0000000083800000| Untracked 
|  57|0x0000000083900000, 0x0000000083900000, 0x0000000083a00000|  0%| F|  |TAMS 0x0000000083900000, 0x0000000083900000| Untracked 
|  58|0x0000000083a00000, 0x0000000083a00000, 0x0000000083b00000|  0%| F|  |TAMS 0x0000000083a00000, 0x0000000083a00000| Untracked 
|  59|0x0000000083b00000, 0x0000000083b00000, 0x0000000083c00000|  0%| F|  |TAMS 0x0000000083b00000, 0x0000000083b00000| Untracked 
|  60|0x0000000083c00000, 0x0000000083c00000, 0x0000000083d00000|  0%| F|  |TAMS 0x0000000083c00000, 0x0000000083c00000| Untracked 
|  61|0x0000000083d00000, 0x0000000083d00000, 0x0000000083e00000|  0%| F|  |TAMS 0x0000000083d00000, 0x0000000083d00000| Untracked 
|  62|0x0000000083e00000, 0x0000000083e00000, 0x0000000083f00000|  0%| F|  |TAMS 0x0000000083e00000, 0x0000000083e00000| Untracked 
|  63|0x0000000083f00000, 0x0000000083f00000, 0x0000000084000000|  0%| F|  |TAMS 0x0000000083f00000, 0x0000000083f00000| Untracked 
|  64|0x0000000084000000, 0x0000000084000000, 0x0000000084100000|  0%| F|  |TAMS 0x0000000084000000, 0x0000000084000000| Untracked 
|  65|0x0000000084100000, 0x0000000084100000, 0x0000000084200000|  0%| F|  |TAMS 0x0000000084100000, 0x0000000084100000| Untracked 
|  66|0x0000000084200000, 0x0000000084200000, 0x0000000084300000|  0%| F|  |TAMS 0x0000000084200000, 0x0000000084200000| Untracked 
|  67|0x0000000084300000, 0x0000000084300000, 0x0000000084400000|  0%| F|  |TAMS 0x0000000084300000, 0x0000000084300000| Untracked 
|  68|0x0000000084400000, 0x0000000084400000, 0x0000000084500000|  0%| F|  |TAMS 0x0000000084400000, 0x0000000084400000| Untracked 
|  69|0x0000000084500000, 0x00000000845b6d78, 0x0000000084600000| 71%| S|  |TAMS 0x0000000084500000, 0x0000000084500000| Complete 
|  70|0x0000000084600000, 0x0000000084700000, 0x0000000084700000|100%| S|  |TAMS 0x0000000084600000, 0x0000000084600000| Complete 
|  71|0x0000000084700000, 0x00000000847dff70, 0x0000000084800000| 87%| E|CS|TAMS 0x0000000084700000, 0x0000000084700000| Complete 
|  72|0x0000000084800000, 0x0000000084900000, 0x0000000084900000|100%| E|CS|TAMS 0x0000000084800000, 0x0000000084800000| Complete 
|  73|0x0000000084900000, 0x0000000084a00000, 0x0000000084a00000|100%| E|CS|TAMS 0x0000000084900000, 0x0000000084900000| Complete 
|  74|0x0000000084a00000, 0x0000000084b00000, 0x0000000084b00000|100%| E|CS|TAMS 0x0000000084a00000, 0x0000000084a00000| Complete 
|  75|0x0000000084b00000, 0x0000000084c00000, 0x0000000084c00000|100%| E|CS|TAMS 0x0000000084b00000, 0x0000000084b00000| Complete 
|  76|0x0000000084c00000, 0x0000000084d00000, 0x0000000084d00000|100%| E|CS|TAMS 0x0000000084c00000, 0x0000000084c00000| Complete 
|  77|0x0000000084d00000, 0x0000000084e00000, 0x0000000084e00000|100%| E|CS|TAMS 0x0000000084d00000, 0x0000000084d00000| Complete 
|  78|0x0000000084e00000, 0x0000000084f00000, 0x0000000084f00000|100%| E|CS|TAMS 0x0000000084e00000, 0x0000000084e00000| Complete 
|  79|0x0000000084f00000, 0x0000000085000000, 0x0000000085000000|100%| E|CS|TAMS 0x0000000084f00000, 0x0000000084f00000| Complete 
|  80|0x0000000085000000, 0x0000000085100000, 0x0000000085100000|100%| E|CS|TAMS 0x0000000085000000, 0x0000000085000000| Complete 
|  81|0x0000000085100000, 0x0000000085200000, 0x0000000085200000|100%| E|CS|TAMS 0x0000000085100000, 0x0000000085100000| Complete 
|  82|0x0000000085200000, 0x0000000085300000, 0x0000000085300000|100%| E|CS|TAMS 0x0000000085200000, 0x0000000085200000| Complete 
|  83|0x0000000085300000, 0x0000000085400000, 0x0000000085400000|100%| E|CS|TAMS 0x0000000085300000, 0x0000000085300000| Complete 
|  84|0x0000000085400000, 0x0000000085500000, 0x0000000085500000|100%| E|CS|TAMS 0x0000000085400000, 0x0000000085400000| Complete 
|  85|0x0000000085500000, 0x0000000085600000, 0x0000000085600000|100%| E|CS|TAMS 0x0000000085500000, 0x0000000085500000| Complete 
|  86|0x0000000085600000, 0x0000000085700000, 0x0000000085700000|100%| E|CS|TAMS 0x0000000085600000, 0x0000000085600000| Complete 
|  87|0x0000000085700000, 0x0000000085800000, 0x0000000085800000|100%| E|CS|TAMS 0x0000000085700000, 0x0000000085700000| Complete 
|  88|0x0000000085800000, 0x0000000085900000, 0x0000000085900000|100%| E|CS|TAMS 0x0000000085800000, 0x0000000085800000| Complete 
|  89|0x0000000085900000, 0x0000000085a00000, 0x0000000085a00000|100%| E|CS|TAMS 0x0000000085900000, 0x0000000085900000| Complete 
|  90|0x0000000085a00000, 0x0000000085b00000, 0x0000000085b00000|100%| E|CS|TAMS 0x0000000085a00000, 0x0000000085a00000| Complete 
|  91|0x0000000085b00000, 0x0000000085c00000, 0x0000000085c00000|100%| E|CS|TAMS 0x0000000085b00000, 0x0000000085b00000| Complete 
|  92|0x0000000085c00000, 0x0000000085d00000, 0x0000000085d00000|100%| E|CS|TAMS 0x0000000085c00000, 0x0000000085c00000| Complete 
|  93|0x0000000085d00000, 0x0000000085e00000, 0x0000000085e00000|100%| E|CS|TAMS 0x0000000085d00000, 0x0000000085d00000| Complete 
|  94|0x0000000085e00000, 0x0000000085f00000, 0x0000000085f00000|100%| E|CS|TAMS 0x0000000085e00000, 0x0000000085e00000| Complete 
|  95|0x0000000085f00000, 0x0000000086000000, 0x0000000086000000|100%| E|CS|TAMS 0x0000000085f00000, 0x0000000085f00000| Complete 
|  96|0x0000000086000000, 0x0000000086100000, 0x0000000086100000|100%| E|CS|TAMS 0x0000000086000000, 0x0000000086000000| Complete 
|  97|0x0000000086100000, 0x0000000086200000, 0x0000000086200000|100%| E|CS|TAMS 0x0000000086100000, 0x0000000086100000| Complete 
|  98|0x0000000086200000, 0x0000000086300000, 0x0000000086300000|100%| E|CS|TAMS 0x0000000086200000, 0x0000000086200000| Complete 
|  99|0x0000000086300000, 0x0000000086400000, 0x0000000086400000|100%| E|CS|TAMS 0x0000000086300000, 0x0000000086300000| Complete 
| 100|0x0000000086400000, 0x0000000086500000, 0x0000000086500000|100%| E|CS|TAMS 0x0000000086400000, 0x0000000086400000| Complete 
| 101|0x0000000086500000, 0x0000000086600000, 0x0000000086600000|100%| E|CS|TAMS 0x0000000086500000, 0x0000000086500000| Complete 
| 102|0x0000000086600000, 0x0000000086700000, 0x0000000086700000|100%| E|CS|TAMS 0x0000000086600000, 0x0000000086600000| Complete 
| 103|0x0000000086700000, 0x0000000086800000, 0x0000000086800000|100%| E|CS|TAMS 0x0000000086700000, 0x0000000086700000| Complete 
| 104|0x0000000086800000, 0x0000000086900000, 0x0000000086900000|100%| E|CS|TAMS 0x0000000086800000, 0x0000000086800000| Complete 
| 105|0x0000000086900000, 0x0000000086a00000, 0x0000000086a00000|100%| E|CS|TAMS 0x0000000086900000, 0x0000000086900000| Complete 
| 106|0x0000000086a00000, 0x0000000086b00000, 0x0000000086b00000|100%| E|CS|TAMS 0x0000000086a00000, 0x0000000086a00000| Complete 
| 107|0x0000000086b00000, 0x0000000086c00000, 0x0000000086c00000|100%| E|CS|TAMS 0x0000000086b00000, 0x0000000086b00000| Complete 
| 108|0x0000000086c00000, 0x0000000086d00000, 0x0000000086d00000|100%| E|CS|TAMS 0x0000000086c00000, 0x0000000086c00000| Complete 
| 109|0x0000000086d00000, 0x0000000086e00000, 0x0000000086e00000|100%| E|CS|TAMS 0x0000000086d00000, 0x0000000086d00000| Complete 
| 110|0x0000000086e00000, 0x0000000086f00000, 0x0000000086f00000|100%| E|CS|TAMS 0x0000000086e00000, 0x0000000086e00000| Complete 
| 111|0x0000000086f00000, 0x0000000087000000, 0x0000000087000000|100%| E|CS|TAMS 0x0000000086f00000, 0x0000000086f00000| Complete 
| 112|0x0000000087000000, 0x0000000087100000, 0x0000000087100000|100%| E|CS|TAMS 0x0000000087000000, 0x0000000087000000| Complete 
| 113|0x0000000087100000, 0x0000000087200000, 0x0000000087200000|100%| E|CS|TAMS 0x0000000087100000, 0x0000000087100000| Complete 
| 114|0x0000000087200000, 0x0000000087300000, 0x0000000087300000|100%| E|CS|TAMS 0x0000000087200000, 0x0000000087200000| Complete 
| 115|0x0000000087300000, 0x0000000087400000, 0x0000000087400000|100%| E|CS|TAMS 0x0000000087300000, 0x0000000087300000| Complete 
| 116|0x0000000087400000, 0x0000000087500000, 0x0000000087500000|100%| E|CS|TAMS 0x0000000087400000, 0x0000000087400000| Complete 
| 117|0x0000000087500000, 0x0000000087600000, 0x0000000087600000|100%| E|CS|TAMS 0x0000000087500000, 0x0000000087500000| Complete 
| 118|0x0000000087600000, 0x0000000087700000, 0x0000000087700000|100%| E|CS|TAMS 0x0000000087600000, 0x0000000087600000| Complete 
| 119|0x0000000087700000, 0x0000000087800000, 0x0000000087800000|100%| E|CS|TAMS 0x0000000087700000, 0x0000000087700000| Complete 
| 120|0x0000000087800000, 0x0000000087900000, 0x0000000087900000|100%| E|CS|TAMS 0x0000000087800000, 0x0000000087800000| Complete 
| 121|0x0000000087900000, 0x0000000087a00000, 0x0000000087a00000|100%| E|CS|TAMS 0x0000000087900000, 0x0000000087900000| Complete 
| 122|0x0000000087a00000, 0x0000000087b00000, 0x0000000087b00000|100%| E|CS|TAMS 0x0000000087a00000, 0x0000000087a00000| Complete 
| 123|0x0000000087b00000, 0x0000000087c00000, 0x0000000087c00000|100%| E|CS|TAMS 0x0000000087b00000, 0x0000000087b00000| Complete 
| 124|0x0000000087c00000, 0x0000000087d00000, 0x0000000087d00000|100%| E|CS|TAMS 0x0000000087c00000, 0x0000000087c00000| Complete 
| 125|0x0000000087d00000, 0x0000000087e00000, 0x0000000087e00000|100%| E|CS|TAMS 0x0000000087d00000, 0x0000000087d00000| Complete 
| 126|0x0000000087e00000, 0x0000000087f00000, 0x0000000087f00000|100%| E|CS|TAMS 0x0000000087e00000, 0x0000000087e00000| Complete 
| 127|0x0000000087f00000, 0x0000000088000000, 0x0000000088000000|100%| E|CS|TAMS 0x0000000087f00000, 0x0000000087f00000| Complete 
| 128|0x0000000088000000, 0x0000000088100000, 0x0000000088100000|100%| E|CS|TAMS 0x0000000088000000, 0x0000000088000000| Complete 
| 129|0x0000000088100000, 0x0000000088200000, 0x0000000088200000|100%| E|CS|TAMS 0x0000000088100000, 0x0000000088100000| Complete 
| 130|0x0000000088200000, 0x0000000088300000, 0x0000000088300000|100%| E|CS|TAMS 0x0000000088200000, 0x0000000088200000| Complete 
| 131|0x0000000088300000, 0x0000000088400000, 0x0000000088400000|100%| E|CS|TAMS 0x0000000088300000, 0x0000000088300000| Complete 
| 132|0x0000000088400000, 0x0000000088500000, 0x0000000088500000|100%| E|CS|TAMS 0x0000000088400000, 0x0000000088400000| Complete 
| 133|0x0000000088500000, 0x0000000088600000, 0x0000000088600000|100%| E|CS|TAMS 0x0000000088500000, 0x0000000088500000| Complete 
| 134|0x0000000088600000, 0x0000000088700000, 0x0000000088700000|100%| E|CS|TAMS 0x0000000088600000, 0x0000000088600000| Complete 
| 135|0x0000000088700000, 0x0000000088800000, 0x0000000088800000|100%| E|CS|TAMS 0x0000000088700000, 0x0000000088700000| Complete 
| 136|0x0000000088800000, 0x0000000088900000, 0x0000000088900000|100%| E|CS|TAMS 0x0000000088800000, 0x0000000088800000| Complete 
| 137|0x0000000088900000, 0x0000000088a00000, 0x0000000088a00000|100%| E|CS|TAMS 0x0000000088900000, 0x0000000088900000| Complete 
| 138|0x0000000088a00000, 0x0000000088b00000, 0x0000000088b00000|100%| E|CS|TAMS 0x0000000088a00000, 0x0000000088a00000| Complete 
| 139|0x0000000088b00000, 0x0000000088c00000, 0x0000000088c00000|100%| E|CS|TAMS 0x0000000088b00000, 0x0000000088b00000| Complete 
| 140|0x0000000088c00000, 0x0000000088d00000, 0x0000000088d00000|100%| E|CS|TAMS 0x0000000088c00000, 0x0000000088c00000| Complete 
| 141|0x0000000088d00000, 0x0000000088e00000, 0x0000000088e00000|100%| E|CS|TAMS 0x0000000088d00000, 0x0000000088d00000| Complete 
| 142|0x0000000088e00000, 0x0000000088f00000, 0x0000000088f00000|100%| E|CS|TAMS 0x0000000088e00000, 0x0000000088e00000| Complete 
| 143|0x0000000088f00000, 0x0000000089000000, 0x0000000089000000|100%| E|CS|TAMS 0x0000000088f00000, 0x0000000088f00000| Complete 
| 144|0x0000000089000000, 0x0000000089100000, 0x0000000089100000|100%| E|CS|TAMS 0x0000000089000000, 0x0000000089000000| Complete 
| 145|0x0000000089100000, 0x0000000089200000, 0x0000000089200000|100%| E|CS|TAMS 0x0000000089100000, 0x0000000089100000| Complete 
| 146|0x0000000089200000, 0x0000000089300000, 0x0000000089300000|100%| E|CS|TAMS 0x0000000089200000, 0x0000000089200000| Complete 
| 147|0x0000000089300000, 0x0000000089400000, 0x0000000089400000|100%| E|CS|TAMS 0x0000000089300000, 0x0000000089300000| Complete 
| 148|0x0000000089400000, 0x0000000089500000, 0x0000000089500000|100%| E|CS|TAMS 0x0000000089400000, 0x0000000089400000| Complete 
| 149|0x0000000089500000, 0x0000000089600000, 0x0000000089600000|100%| E|CS|TAMS 0x0000000089500000, 0x0000000089500000| Complete 
| 150|0x0000000089600000, 0x0000000089700000, 0x0000000089700000|100%| E|CS|TAMS 0x0000000089600000, 0x0000000089600000| Complete 
| 151|0x0000000089700000, 0x0000000089800000, 0x0000000089800000|100%| E|CS|TAMS 0x0000000089700000, 0x0000000089700000| Complete 

Card table byte_map: [0x0000019a9bdc0000,0x0000019a9c1c0000] _byte_map_base: 0x0000019a9b9c0000

Marking Bits (Prev, Next): (CMBitMap*) 0x0000019a88bae828, (CMBitMap*) 0x0000019a88bae860
 Prev Bits: [0x0000019a9c5c0000, 0x0000019a9e5c0000)
 Next Bits: [0x0000019a9e5c0000, 0x0000019aa05c0000)

Polling page: 0x0000019a86ab0000

Metaspace:

Usage:
  Non-class:     48.70 MB capacity,    47.85 MB ( 98%) used,   719.96 KB (  1%) free+waste,   144.94 KB ( <1%) overhead. 
      Class:      7.46 MB capacity,     6.94 MB ( 93%) used,   455.82 KB (  6%) free+waste,    68.69 KB ( <1%) overhead. 
       Both:     56.15 MB capacity,    54.80 MB ( 98%) used,     1.15 MB (  2%) free+waste,   213.63 KB ( <1%) overhead. 

Virtual space:
  Non-class space:       50.00 MB reserved,      48.70 MB ( 97%) committed 
      Class space:        1.00 GB reserved,       7.50 MB ( <1%) committed 
             Both:        1.05 GB reserved,      56.20 MB (  5%) committed 

Chunk freelists:
   Non-Class:  2.00 KB
       Class:  12.00 KB
        Both:  14.00 KB

MaxMetaspaceSize: 17179869184.00 GB
CompressedClassSpaceSize: 1.00 GB

CodeHeap 'non-profiled nmethods': size=120000Kb used=3224Kb max_used=3224Kb free=116775Kb
 bounds [0x0000019a94140000, 0x0000019a94470000, 0x0000019a9b670000]
CodeHeap 'profiled nmethods': size=120000Kb used=11834Kb max_used=11834Kb free=108166Kb
 bounds [0x0000019a8cc10000, 0x0000019a8d7a0000, 0x0000019a94140000]
CodeHeap 'non-nmethods': size=5760Kb used=2236Kb max_used=2277Kb free=3523Kb
 bounds [0x0000019a8c670000, 0x0000019a8c8e0000, 0x0000019a8cc10000]
 total_blobs=6566 nmethods=5750 adapters=727
 compilation: enabled
              stopped_count=0, restarted_count=0
 full_count=0

Compilation events (20 events):
Event: 6.649 Thread 0x0000019aa38a2000 nmethod 5741 0x0000019a8d796610 code [0x0000019a8d7967e0, 0x0000019a8d7969b8]
Event: 6.670 Thread 0x0000019aa38a2000 5742       3       org.gradle.api.internal.provider.AbstractMinimalProvider::<init> (5 bytes)
Event: 6.670 Thread 0x0000019aa38a2000 nmethod 5742 0x0000019a8d796a90 code [0x0000019a8d796c40, 0x0000019a8d796d98]
Event: 6.674 Thread 0x0000019aa38a2000 5743       3       java.util.HashMap$EntrySet::iterator (12 bytes)
Event: 6.674 Thread 0x0000019aa38a2000 nmethod 5743 0x0000019a8d796e90 code [0x0000019a8d797060, 0x0000019a8d7972c8]
Event: 6.674 Thread 0x0000019aa38a2000 5744       3       java.util.HashMap$EntryIterator::<init> (11 bytes)
Event: 6.674 Thread 0x0000019aa38a2000 nmethod 5744 0x0000019a8d797390 code [0x0000019a8d797540, 0x0000019a8d7976c8]
Event: 6.676 Thread 0x0000019aa38a2000 5745       3       java.util.HashMap::entrySet (27 bytes)
Event: 6.676 Thread 0x0000019aa38a2000 nmethod 5745 0x0000019a8d797790 code [0x0000019a8d797960, 0x0000019a8d797d38]
Event: 6.677 Thread 0x0000019aa38a2000 5746       1       org.gradle.internal.instantiation.generator.AbstractClassGenerator$MethodMetadata::getGenericReturnType (5 bytes)
Event: 6.677 Thread 0x0000019aa38a2000 nmethod 5746 0x0000019a9445ec10 code [0x0000019a9445edc0, 0x0000019a9445ee78]
Event: 6.679 Thread 0x0000019aa38a2000 5747       3       java.util.concurrent.ConcurrentHashMap$Traverser::<init> (36 bytes)
Event: 6.680 Thread 0x0000019aa38a2000 nmethod 5747 0x0000019a8d797e90 code [0x0000019a8d798040, 0x0000019a8d798238]
Event: 6.696 Thread 0x0000019aa6375800 nmethod 5723 0x0000019a9445ef10 code [0x0000019a9445f340, 0x0000019a94462668]
Event: 6.696 Thread 0x0000019aa3039800 5748       4       java.lang.Class::getClassLoader (28 bytes)
Event: 6.697 Thread 0x0000019aa3039800 nmethod 5748 0x0000019a94464110 code [0x0000019a944642a0, 0x0000019a94464338]
Event: 6.771 Thread 0x0000019aa38a2000 5749       3       java.util.concurrent.ConcurrentHashMap$BaseIterator::<init> (21 bytes)
Event: 6.771 Thread 0x0000019aa38a2000 nmethod 5749 0x0000019a8d798310 code [0x0000019a8d7984e0, 0x0000019a8d7986b8]
Event: 6.771 Thread 0x0000019aa38a2000 5750       3       java.util.Collections$SingletonSet::contains (9 bytes)
Event: 6.771 Thread 0x0000019aa38a2000 nmethod 5750 0x0000019a8d798790 code [0x0000019a8d798960, 0x0000019a8d798c48]

GC Heap History (18 events):
Event: 0.566 GC heap before
{Heap before GC invocations=0 (full 0):
 garbage-first heap   total 129024K, used 29696K [0x0000000080000000, 0x0000000100000000)
  region size 1024K, 24 young (24576K), 0 survivors (0K)
 Metaspace       used 10196K, capacity 10421K, committed 10624K, reserved 1058816K
  class space    used 1068K, capacity 1140K, committed 1152K, reserved 1048576K
}
Event: 0.571 GC heap after
{Heap after GC invocations=1 (full 0):
 garbage-first heap   total 129024K, used 9191K [0x0000000080000000, 0x0000000100000000)
  region size 1024K, 3 young (3072K), 3 survivors (3072K)
 Metaspace       used 10196K, capacity 10421K, committed 10624K, reserved 1058816K
  class space    used 1068K, capacity 1140K, committed 1152K, reserved 1048576K
}
Event: 1.923 GC heap before
{Heap before GC invocations=1 (full 0):
 garbage-first heap   total 129024K, used 82919K [0x0000000080000000, 0x0000000100000000)
  region size 1024K, 75 young (76800K), 3 survivors (3072K)
 Metaspace       used 17524K, capacity 17924K, committed 18176K, reserved 1064960K
  class space    used 2076K, capacity 2219K, committed 2304K, reserved 1048576K
}
Event: 1.930 GC heap after
{Heap after GC invocations=2 (full 0):
 garbage-first heap   total 129024K, used 16306K [0x0000000080000000, 0x0000000100000000)
  region size 1024K, 10 young (10240K), 10 survivors (10240K)
 Metaspace       used 17524K, capacity 17924K, committed 18176K, reserved 1064960K
  class space    used 2076K, capacity 2219K, committed 2304K, reserved 1048576K
}
Event: 2.205 GC heap before
{Heap before GC invocations=2 (full 0):
 garbage-first heap   total 129024K, used 42930K [0x0000000080000000, 0x0000000100000000)
  region size 1024K, 37 young (37888K), 10 survivors (10240K)
 Metaspace       used 20662K, capacity 21077K, committed 21248K, reserved 1067008K
  class space    used 2544K, capacity 2695K, committed 2816K, reserved 1048576K
}
Event: 2.213 GC heap after
{Heap after GC invocations=3 (full 0):
 garbage-first heap   total 129024K, used 17970K [0x0000000080000000, 0x0000000100000000)
  region size 1024K, 2 young (2048K), 2 survivors (2048K)
 Metaspace       used 20662K, capacity 21077K, committed 21248K, reserved 1067008K
  class space    used 2544K, capacity 2695K, committed 2816K, reserved 1048576K
}
Event: 2.747 GC heap before
{Heap before GC invocations=4 (full 0):
 garbage-first heap   total 129024K, used 69170K [0x0000000080000000, 0x0000000100000000)
  region size 1024K, 52 young (53248K), 2 survivors (2048K)
 Metaspace       used 25918K, capacity 26504K, committed 26752K, reserved 1073152K
  class space    used 3394K, capacity 3617K, committed 3712K, reserved 1048576K
}
Event: 2.751 GC heap after
{Heap after GC invocations=5 (full 0):
 garbage-first heap   total 129024K, used 19731K [0x0000000080000000, 0x0000000100000000)
  region size 1024K, 3 young (3072K), 3 survivors (3072K)
 Metaspace       used 25918K, capacity 26504K, committed 26752K, reserved 1073152K
  class space    used 3394K, capacity 3617K, committed 3712K, reserved 1048576K
}
Event: 3.516 GC heap before
{Heap before GC invocations=5 (full 0):
 garbage-first heap   total 129024K, used 78099K [0x0000000080000000, 0x0000000100000000)
  region size 1024K, 60 young (61440K), 3 survivors (3072K)
 Metaspace       used 34488K, capacity 35291K, committed 35584K, reserved 1079296K
  class space    used 4486K, capacity 4807K, committed 4864K, reserved 1048576K
}
Event: 3.522 GC heap after
{Heap after GC invocations=6 (full 0):
 garbage-first heap   total 129024K, used 23013K [0x0000000080000000, 0x0000000100000000)
  region size 1024K, 7 young (7168K), 7 survivors (7168K)
 Metaspace       used 34488K, capacity 35291K, committed 35584K, reserved 1079296K
  class space    used 4486K, capacity 4807K, committed 4864K, reserved 1048576K
}
Event: 3.574 GC heap before
{Heap before GC invocations=6 (full 0):
 garbage-first heap   total 129024K, used 26085K [0x0000000080000000, 0x0000000100000000)
  region size 1024K, 11 young (11264K), 7 survivors (7168K)
 Metaspace       used 35019K, capacity 35777K, committed 35840K, reserved 1081344K
  class space    used 4558K, capacity 4863K, committed 4864K, reserved 1048576K
}
Event: 3.583 GC heap after
{Heap after GC invocations=7 (full 0):
 garbage-first heap   total 129024K, used 23516K [0x0000000080000000, 0x0000000100000000)
  region size 1024K, 4 young (4096K), 4 survivors (4096K)
 Metaspace       used 35019K, capacity 35777K, committed 35840K, reserved 1081344K
  class space    used 4558K, capacity 4863K, committed 4864K, reserved 1048576K
}
Event: 4.191 GC heap before
{Heap before GC invocations=8 (full 0):
 garbage-first heap   total 129024K, used 88028K [0x0000000080000000, 0x0000000100000000)
  region size 1024K, 65 young (66560K), 4 survivors (4096K)
 Metaspace       used 39368K, capacity 40270K, committed 40524K, reserved 1085440K
  class space    used 5050K, capacity 5395K, committed 5504K, reserved 1048576K
}
Event: 4.200 GC heap after
{Heap after GC invocations=9 (full 0):
 garbage-first heap   total 129024K, used 28231K [0x0000000080000000, 0x0000000100000000)
  region size 1024K, 9 young (9216K), 9 survivors (9216K)
 Metaspace       used 39368K, capacity 40270K, committed 40524K, reserved 1085440K
  class space    used 5050K, capacity 5395K, committed 5504K, reserved 1048576K
}
Event: 4.792 GC heap before
{Heap before GC invocations=9 (full 0):
 garbage-first heap   total 129024K, used 89671K [0x0000000080000000, 0x0000000100000000)
  region size 1024K, 69 young (70656K), 9 survivors (9216K)
 Metaspace       used 44496K, capacity 45604K, committed 45772K, reserved 1089536K
  class space    used 5705K, capacity 6097K, committed 6144K, reserved 1048576K
}
Event: 4.804 GC heap after
{Heap after GC invocations=10 (full 0):
 garbage-first heap   total 155648K, used 30508K [0x0000000080000000, 0x0000000100000000)
  region size 1024K, 3 young (3072K), 3 survivors (3072K)
 Metaspace       used 44496K, capacity 45604K, committed 45772K, reserved 1089536K
  class space    used 5705K, capacity 6097K, committed 6144K, reserved 1048576K
}
Event: 5.699 GC heap before
{Heap before GC invocations=10 (full 0):
 garbage-first heap   total 155648K, used 105260K [0x0000000080000000, 0x0000000100000000)
  region size 1024K, 77 young (78848K), 3 survivors (3072K)
 Metaspace       used 47889K, capacity 49136K, committed 49356K, reserved 1091584K
  class space    used 6113K, capacity 6589K, committed 6656K, reserved 1048576K
}
Event: 5.705 GC heap after
{Heap after GC invocations=11 (full 0):
 garbage-first heap   total 155648K, used 34477K [0x0000000080000000, 0x0000000100000000)
  region size 1024K, 7 young (7168K), 7 survivors (7168K)
 Metaspace       used 47889K, capacity 49136K, committed 49356K, reserved 1091584K
  class space    used 6113K, capacity 6589K, committed 6656K, reserved 1048576K
}

Deoptimization events (20 events):
Event: 6.061 Thread 0x0000019aa625d000 Uncommon trap: trap_request=0xffffff4d fr.pc=0x0000019a941930e0 relative=0x0000000000000580
Event: 6.061 Thread 0x0000019aa625d000 Uncommon trap: reason=unstable_if action=reinterpret pc=0x0000019a941930e0 method=java.util.jar.Manifest$FastInputStream.readLine([BII)I @ 130 c2
Event: 6.061 Thread 0x0000019aa625d000 DEOPT PACKING pc=0x0000019a941930e0 sp=0x0000001e48df78f0
Event: 6.061 Thread 0x0000019aa625d000 DEOPT UNPACKING pc=0x0000019a8c69662f sp=0x0000001e48df7880 mode 2
Event: 6.236 Thread 0x0000019aa625d000 Uncommon trap: trap_request=0xffffff4d fr.pc=0x0000019a942cd7f4 relative=0x0000000000000674
Event: 6.237 Thread 0x0000019aa625d000 Uncommon trap: reason=unstable_if action=reinterpret pc=0x0000019a942cd7f4 method=java.io.BufferedInputStream.read([BII)I @ 56 c2
Event: 6.237 Thread 0x0000019aa625d000 DEOPT PACKING pc=0x0000019a942cd7f4 sp=0x0000001e48df6e10
Event: 6.237 Thread 0x0000019aa625d000 DEOPT UNPACKING pc=0x0000019a8c69662f sp=0x0000001e48df6dc8 mode 2
Event: 6.260 Thread 0x0000019aa625d000 Uncommon trap: trap_request=0xffffff45 fr.pc=0x0000019a943006f0 relative=0x0000000000000d50
Event: 6.260 Thread 0x0000019aa625d000 Uncommon trap: reason=unstable_fused_if action=reinterpret pc=0x0000019a943006f0 method=org.objectweb.asm.ByteVector.putUTF8(Ljava/lang/String;)Lorg/objectweb/asm/ByteVector; @ 93 c2
Event: 6.260 Thread 0x0000019aa625d000 DEOPT PACKING pc=0x0000019a943006f0 sp=0x0000001e48df7860
Event: 6.260 Thread 0x0000019aa625d000 DEOPT UNPACKING pc=0x0000019a8c69662f sp=0x0000001e48df77b8 mode 2
Event: 6.260 Thread 0x0000019aa625d000 Uncommon trap: trap_request=0xffffff4d fr.pc=0x0000019a94315710 relative=0x0000000000005c10
Event: 6.260 Thread 0x0000019aa625d000 Uncommon trap: reason=unstable_if action=reinterpret pc=0x0000019a94315710 method=org.objectweb.asm.Frame.execute(IILorg/objectweb/asm/Symbol;Lorg/objectweb/asm/SymbolTable;)V @ 1 c2
Event: 6.260 Thread 0x0000019aa625d000 DEOPT PACKING pc=0x0000019a94315710 sp=0x0000001e48df7a50
Event: 6.260 Thread 0x0000019aa625d000 DEOPT UNPACKING pc=0x0000019a8c69662f sp=0x0000001e48df79f8 mode 2
Event: 6.282 Thread 0x0000019aa625d000 Uncommon trap: trap_request=0xffffff45 fr.pc=0x0000019a9424e4f4 relative=0x0000000000000214
Event: 6.282 Thread 0x0000019aa625d000 Uncommon trap: reason=unstable_fused_if action=reinterpret pc=0x0000019a9424e4f4 method=org.objectweb.asm.ByteVector.putUTF8(Ljava/lang/String;)Lorg/objectweb/asm/ByteVector; @ 93 c2
Event: 6.282 Thread 0x0000019aa625d000 DEOPT PACKING pc=0x0000019a9424e4f4 sp=0x0000001e48df7ba0
Event: 6.282 Thread 0x0000019aa625d000 DEOPT UNPACKING pc=0x0000019a8c69662f sp=0x0000001e48df7b20 mode 2

Classes redefined (0 events):
No events

Internal exceptions (20 events):
Event: 6.017 Thread 0x0000019aa625d000 Exception <a 'java/lang/ClassNotFoundException'{0x00000000886a7620}: org/gradle/api/tasks/Delete_DecoratedCustomizer> (0x00000000886a7620) thrown at [./src/hotspot/share/classfile/systemDictionary.cpp, line 231]
Event: 6.033 Thread 0x0000019aa625d000 Exception <a 'java/lang/NoSuchMethodError'{0x00000000885baf80}: 'long java.lang.invoke.DirectMethodHandle$Holder.invokeVirtual(java.lang.Object, java.lang.Object)'> (0x00000000885baf80) thrown at [./src/hotspot/share/interpreter/linkResolver.cpp, line 773]
Event: 6.035 Thread 0x0000019aa48c7000 Exception <a 'java/lang/NoSuchMethodError'{0x00000000884002b8}: <clinit>> (0x00000000884002b8) thrown at [./src/hotspot/share/prims/jni.cpp, line 1362]
Event: 6.040 Thread 0x0000019aa48c7000 Exception <a 'java/lang/NoSuchMethodError'{0x0000000088439bf8}: <clinit>> (0x0000000088439bf8) thrown at [./src/hotspot/share/prims/jni.cpp, line 1362]
Event: 6.040 Thread 0x0000019aa48c7000 Exception <a 'java/lang/NoSuchMethodError'{0x000000008843ad08}: <clinit>> (0x000000008843ad08) thrown at [./src/hotspot/share/prims/jni.cpp, line 1362]
Event: 6.041 Thread 0x0000019aa48c7000 Exception <a 'java/lang/NoSuchMethodError'{0x000000008843c010}: <clinit>> (0x000000008843c010) thrown at [./src/hotspot/share/prims/jni.cpp, line 1362]
Event: 6.041 Thread 0x0000019aa48c7000 Exception <a 'java/lang/NoSuchMethodError'{0x000000008843d2d0}: <clinit>> (0x000000008843d2d0) thrown at [./src/hotspot/share/prims/jni.cpp, line 1362]
Event: 6.043 Thread 0x0000019aa48c7000 Exception <a 'java/lang/NoSuchMethodError'{0x00000000884cf8a0}: <clinit>> (0x00000000884cf8a0) thrown at [./src/hotspot/share/prims/jni.cpp, line 1362]
Event: 6.043 Thread 0x0000019aa48c7000 Exception <a 'java/lang/NoSuchMethodError'{0x00000000884d9e20}: <clinit>> (0x00000000884d9e20) thrown at [./src/hotspot/share/prims/jni.cpp, line 1362]
Event: 6.046 Thread 0x0000019aa48c7000 Exception <a 'java/lang/NoSuchMethodError'{0x00000000884edc30}: <clinit>> (0x00000000884edc30) thrown at [./src/hotspot/share/prims/jni.cpp, line 1362]
Event: 6.054 Thread 0x0000019aa625d000 Exception <a 'java/lang/ClassNotFoundException'{0x00000000884c0a10}: build_aou1w4eg7p0nim7uk1rt1jlt0BeanInfo> (0x00000000884c0a10) thrown at [./src/hotspot/share/classfile/systemDictionary.cpp, line 231]
Event: 6.054 Thread 0x0000019aa625d000 Exception <a 'java/lang/ClassNotFoundException'{0x0000000088319b48}: build_aou1w4eg7p0nim7uk1rt1jlt0Customizer> (0x0000000088319b48) thrown at [./src/hotspot/share/classfile/systemDictionary.cpp, line 231]
Event: 6.086 Thread 0x0000019aa625d000 Exception <a 'java/lang/ClassNotFoundException'{0x0000000088110078}: org/gradle/api/internal/plugins/DefaultObjectConfigurationActionBeanInfo> (0x0000000088110078) thrown at [./src/hotspot/share/classfile/systemDictionary.cpp, line 231]
Event: 6.087 Thread 0x0000019aa625d000 Exception <a 'java/lang/ClassNotFoundException'{0x0000000088146eb8}: org/gradle/api/internal/plugins/DefaultObjectConfigurationActionCustomizer> (0x0000000088146eb8) thrown at [./src/hotspot/share/classfile/systemDictionary.cpp, line 231]
Event: 6.251 Thread 0x0000019aa625d000 Exception <a 'java/lang/NoSuchMethodError'{0x0000000087622180}: 'java.lang.Object java.lang.invoke.DirectMethodHandle$Holder.invokeStatic(java.lang.Object, java.lang.Object, java.lang.Object, java.lang.Object, int)'> (0x0000000087622180) thrown at [./src/hotspot/share/interpreter/linkResolver.cpp, line 773]
Event: 6.251 Thread 0x0000019aa625d000 Exception <a 'java/lang/NoSuchMethodError'{0x0000000087626b78}: 'java.lang.Object java.lang.invoke.DirectMethodHandle$Holder.invokeSpecial(java.lang.Object, java.lang.Object, java.lang.Object, java.lang.Object, java.lang.Object, int)'> (0x0000000087626b78) thrown at [./src/hotspot/share/interpreter/linkResolver.cpp, line 773]
Event: 6.251 Thread 0x0000019aa625d000 Exception <a 'java/lang/NoSuchMethodError'{0x000000008762b1b8}: 'java.lang.Object java.lang.invoke.Invokers$Holder.linkToTargetMethod(java.lang.Object, java.lang.Object, java.lang.Object, int, java.lang.Object)'> (0x000000008762b1b8) thrown at [./src/hotspot/share/interpreter/linkResolver.cpp, line 773]
Event: 6.464 Thread 0x0000019aa625d000 Exception <a 'java/lang/NoSuchMethodError'{0x00000000868f3cf0}: 'java.lang.Object java.lang.invoke.DirectMethodHandle$Holder.invokeSpecial(java.lang.Object, java.lang.Object, int, int, java.lang.Object, java.lang.Object, java.lang.Object)'> (0x00000000868f3cf0) thrown at [./src/hotspot/share/interpreter/linkResolver.cpp, line 773]
Event: 6.464 Thread 0x0000019aa625d000 Exception <a 'java/lang/NoSuchMethodError'{0x00000000868f8270}: 'java.lang.Object java.lang.invoke.DelegatingMethodHandle$Holder.reinvoke_L(java.lang.Object, int, int, java.lang.Object, java.lang.Object, java.lang.Object)'> (0x00000000868f8270) thrown at [./src/hotspot/share/interpreter/linkResolver.cpp, line 773]
Event: 6.645 Thread 0x0000019aa625d000 Exception <a 'java/lang/NoSuchMethodError'{0x0000000085a933f0}: 'int java.lang.invoke.DirectMethodHandle$Holder.invokeInterface(java.lang.Object, java.lang.Object, java.lang.Object, java.lang.Object)'> (0x0000000085a933f0) thrown at [./src/hotspot/share/interpreter/linkResolver.cpp, line 773]

Events (20 events):
Event: 6.766 loading class java/util/stream/ReduceOps$2ReducingSink
Event: 6.766 loading class java/util/stream/ReduceOps$2ReducingSink done
Event: 6.766 loading class java/lang/management/ClassLoadingMXBean
Event: 6.766 loading class java/lang/management/ClassLoadingMXBean done
Event: 6.766 loading class sun/management/ClassLoadingImpl
Event: 6.767 loading class sun/management/ClassLoadingImpl done
Event: 6.767 loading class com/google/wireless/android/sdk/stats/JavaProcessStats$1
Event: 6.767 loading class com/google/wireless/android/sdk/stats/JavaProcessStats$1 done
Event: 6.767 loading class com/google/wireless/android/sdk/stats/JavaProcessStats$Builder
Event: 6.767 loading class com/google/wireless/android/sdk/stats/JavaProcessStats$Builder done
Event: 6.769 loading class com/google/wireless/android/sdk/stats/GarbageCollectionStats
Event: 6.769 loading class com/google/wireless/android/sdk/stats/GarbageCollectionStats done
Event: 6.770 loading class com/google/wireless/android/sdk/stats/GarbageCollectionStatsOrBuilder
Event: 6.770 loading class com/google/wireless/android/sdk/stats/GarbageCollectionStatsOrBuilder done
Event: 6.771 loading class com/android/tools/analytics/CommonMetricsData$GarbageCollectionStatsDiffs
Event: 6.771 loading class com/android/tools/analytics/CommonMetricsData$GarbageCollectionStatsDiffs done
Event: 6.772 loading class com/google/wireless/android/sdk/stats/GarbageCollectionStats$1
Event: 6.772 loading class com/google/wireless/android/sdk/stats/GarbageCollectionStats$1 done
Event: 6.772 loading class com/google/wireless/android/sdk/stats/GarbageCollectionStats$Builder
Event: 6.772 loading class com/google/wireless/android/sdk/stats/GarbageCollectionStats$Builder done


Dynamic libraries:
0x00007ff6ef360000 - 0x00007ff6ef36a000 	C:\Program Files\Android\Android Studio\jre\bin\java.exe
0x00007ffeeda40000 - 0x00007ffeedc49000 	C:\Windows\SYSTEM32\ntdll.dll
0x00007ffeeb9c0000 - 0x00007ffeeba7d000 	C:\Windows\System32\KERNEL32.DLL
0x00007ffeeb3d0000 - 0x00007ffeeb744000 	C:\Windows\System32\KERNELBASE.dll
0x00007ffeeb160000 - 0x00007ffeeb271000 	C:\Windows\System32\ucrtbase.dll
0x00007ffee1710000 - 0x00007ffee1727000 	C:\Program Files\Android\Android Studio\jre\bin\VCRUNTIME140.dll
0x00007ffed6460000 - 0x00007ffed6479000 	C:\Program Files\Android\Android Studio\jre\bin\jli.dll
0x00007ffeebe00000 - 0x00007ffeebfac000 	C:\Windows\System32\USER32.dll
0x00007ffeceb40000 - 0x00007ffecede5000 	C:\Windows\WinSxS\amd64_microsoft.windows.common-controls_6595b64144ccf1df_6.0.22000.120_none_9d947278b86cc467\COMCTL32.dll
0x00007ffeeb3a0000 - 0x00007ffeeb3c6000 	C:\Windows\System32\win32u.dll
0x00007ffeed950000 - 0x00007ffeed9f3000 	C:\Windows\System32\msvcrt.dll
0x00007ffeebfb0000 - 0x00007ffeebfd9000 	C:\Windows\System32\GDI32.dll
0x00007ffeeb7c0000 - 0x00007ffeeb8d2000 	C:\Windows\System32\gdi32full.dll
0x00007ffeeb300000 - 0x00007ffeeb39d000 	C:\Windows\System32\msvcp_win.dll
0x00007ffeed3f0000 - 0x00007ffeed421000 	C:\Windows\System32\IMM32.DLL
0x00007ffeb1900000 - 0x00007ffeb199d000 	C:\Program Files\Android\Android Studio\jre\bin\msvcp140.dll
0x00007ffe859f0000 - 0x00007ffe864c5000 	C:\Program Files\Android\Android Studio\jre\bin\server\jvm.dll
0x00007ffeed330000 - 0x00007ffeed3de000 	C:\Windows\System32\ADVAPI32.dll
0x00007ffeeba80000 - 0x00007ffeebb1e000 	C:\Windows\System32\sechost.dll
0x00007ffeebcc0000 - 0x00007ffeebde0000 	C:\Windows\System32\RPCRT4.dll
0x00007ffeed320000 - 0x00007ffeed328000 	C:\Windows\System32\PSAPI.DLL
0x00007ffed6400000 - 0x00007ffed6409000 	C:\Windows\SYSTEM32\WSOCK32.dll
0x00007ffee0840000 - 0x00007ffee0873000 	C:\Windows\SYSTEM32\WINMM.dll
0x00007ffedf9c0000 - 0x00007ffedf9ca000 	C:\Windows\SYSTEM32\VERSION.dll
0x00007ffeec710000 - 0x00007ffeec77f000 	C:\Windows\System32\WS2_32.dll
0x00007ffeea120000 - 0x00007ffeea138000 	C:\Windows\SYSTEM32\kernel.appcore.dll
0x00007ffed5a50000 - 0x00007ffed5a61000 	C:\Program Files\Android\Android Studio\jre\bin\verify.dll
0x00007ffee51c0000 - 0x00007ffee53e1000 	C:\Windows\SYSTEM32\DBGHELP.DLL
0x00007ffec6b10000 - 0x00007ffec6b41000 	C:\Windows\SYSTEM32\dbgcore.DLL
0x00007ffeeb280000 - 0x00007ffeeb2ff000 	C:\Windows\System32\bcryptPrimitives.dll
0x00007ffed1e10000 - 0x00007ffed1e39000 	C:\Program Files\Android\Android Studio\jre\bin\java.dll
0x00007ffed59b0000 - 0x00007ffed59bb000 	C:\Program Files\Android\Android Studio\jre\bin\jimage.dll
0x00007ffed1dd0000 - 0x00007ffed1de8000 	C:\Program Files\Android\Android Studio\jre\bin\zip.dll
0x00007ffeecb60000 - 0x00007ffeed30e000 	C:\Windows\System32\SHELL32.dll
0x00007ffee90b0000 - 0x00007ffee9918000 	C:\Windows\SYSTEM32\windows.storage.dll
0x00007ffeed4e0000 - 0x00007ffeed858000 	C:\Windows\System32\combase.dll
0x00007ffee8f40000 - 0x00007ffee90a6000 	C:\Windows\SYSTEM32\wintypes.dll
0x00007ffeec810000 - 0x00007ffeec8fa000 	C:\Windows\System32\SHCORE.dll
0x00007ffeec7b0000 - 0x00007ffeec80d000 	C:\Windows\System32\shlwapi.dll
0x00007ffeeae60000 - 0x00007ffeeae81000 	C:\Windows\SYSTEM32\profapi.dll
0x00007ffed1c90000 - 0x00007ffed1caa000 	C:\Program Files\Android\Android Studio\jre\bin\net.dll
0x00007ffee0af0000 - 0x00007ffee0bfc000 	C:\Windows\SYSTEM32\WINHTTP.dll
0x00007ffeea550000 - 0x00007ffeea5b7000 	C:\Windows\system32\mswsock.dll
0x00007ffecea80000 - 0x00007ffecea94000 	C:\Program Files\Android\Android Studio\jre\bin\nio.dll
0x00007ffed21f0000 - 0x00007ffed2217000 	D:\Descargas\appwarmi\Lybra_app\app\native\e1d6ef7f7dcc3fd88c89a11ec53ec762bb8ba0a96d01ffa2cd45eb1d1d8dd5c5\windows-amd64\native-platform.dll
0x00007ffea8250000 - 0x00007ffea8394000 	D:\Descargas\appwarmi\Lybra_app\app\native\5664cfc778a61ccfe75a443a1ab52a65af34e5dc3c78e0209fed803814484fcb\windows-amd64\native-platform-file-events.dll
0x00007ffed21d0000 - 0x00007ffed21da000 	C:\Program Files\Android\Android Studio\jre\bin\management.dll
0x00007ffed1c80000 - 0x00007ffed1c8d000 	C:\Program Files\Android\Android Studio\jre\bin\management_ext.dll
0x00007ffeea790000 - 0x00007ffeea7a8000 	C:\Windows\SYSTEM32\CRYPTSP.dll
0x00007ffeea080000 - 0x00007ffeea0b5000 	C:\Windows\system32\rsaenh.dll
0x00007ffeea640000 - 0x00007ffeea669000 	C:\Windows\SYSTEM32\USERENV.dll
0x00007ffeea910000 - 0x00007ffeea937000 	C:\Windows\SYSTEM32\bcrypt.dll
0x00007ffeea7b0000 - 0x00007ffeea7bc000 	C:\Windows\SYSTEM32\CRYPTBASE.dll
0x00007ffee9c50000 - 0x00007ffee9c7d000 	C:\Windows\SYSTEM32\IPHLPAPI.DLL
0x00007ffeec7a0000 - 0x00007ffeec7a9000 	C:\Windows\System32\NSI.dll
0x00007ffee0890000 - 0x00007ffee08a9000 	C:\Windows\SYSTEM32\dhcpcsvc6.DLL
0x00007ffee0cb0000 - 0x00007ffee0cce000 	C:\Windows\SYSTEM32\dhcpcsvc.DLL
0x00007ffee9c80000 - 0x00007ffee9d67000 	C:\Windows\SYSTEM32\DNSAPI.dll

dbghelp: loaded successfully - version: 4.0.5 - missing functions: none
symbol engine: initialized successfully - sym options: 0x614 - pdb path: .;C:\Program Files\Android\Android Studio\jre\bin;C:\Windows\SYSTEM32;C:\Windows\WinSxS\amd64_microsoft.windows.common-controls_6595b64144ccf1df_6.0.22000.120_none_9d947278b86cc467;C:\Program Files\Android\Android Studio\jre\bin\server;D:\Descargas\appwarmi\Lybra_app\app\native\e1d6ef7f7dcc3fd88c89a11ec53ec762bb8ba0a96d01ffa2cd45eb1d1d8dd5c5\windows-amd64;D:\Descargas\appwarmi\Lybra_app\app\native\5664cfc778a61ccfe75a443a1ab52a65af34e5dc3c78e0209fed803814484fcb\windows-amd64

VM Arguments:
jvm_args: --add-opens=java.base/java.util=ALL-UNNAMED --add-opens=java.base/java.lang=ALL-UNNAMED --add-opens=java.base/java.lang.invoke=ALL-UNNAMED --add-opens=java.base/java.util=ALL-UNNAMED --add-opens=java.prefs/java.util.prefs=ALL-UNNAMED --add-opens=java.prefs/java.util.prefs=ALL-UNNAMED --add-opens=java.base/java.nio.charset=ALL-UNNAMED --add-opens=java.base/java.net=ALL-UNNAMED --add-opens=java.base/java.util.concurrent.atomic=ALL-UNNAMED -Xmx2048m -Dfile.encoding=UTF-8 -Duser.country=US -Duser.language=es -Duser.variant 
java_command: org.gradle.launcher.daemon.bootstrap.GradleDaemon 7.2
java_class_path (initial): D:\Descargas\appwarmi\Lybra_app\app\wrapper\dists\gradle-7.2-bin\2dnblmf4td7x66yl1d74lt32g\gradle-7.2\lib\gradle-launcher-7.2.jar
Launcher Type: SUN_STANDARD

[Global flags]
     intx CICompilerCount                          = 4                                         {product} {ergonomic}
     uint ConcGCThreads                            = 2                                         {product} {ergonomic}
     uint G1ConcRefinementThreads                  = 8                                         {product} {ergonomic}
   size_t G1HeapRegionSize                         = 1048576                                   {product} {ergonomic}
    uintx GCDrainStackTargetSize                   = 64                                        {product} {ergonomic}
   size_t InitialHeapSize                          = 132120576                                 {product} {ergonomic}
   size_t MarkStackSize                            = 4194304                                   {product} {ergonomic}
   size_t MaxHeapSize                              = 2147483648                                {product} {command line}
   size_t MaxNewSize                               = 1287651328                                {product} {ergonomic}
   size_t MinHeapDeltaBytes                        = 1048576                                   {product} {ergonomic}
    uintx NonNMethodCodeHeapSize                   = 5836300                                {pd product} {ergonomic}
    uintx NonProfiledCodeHeapSize                  = 122910970                              {pd product} {ergonomic}
    uintx ProfiledCodeHeapSize                     = 122910970                              {pd product} {ergonomic}
    uintx ReservedCodeCacheSize                    = 251658240                              {pd product} {ergonomic}
     bool SegmentedCodeCache                       = true                                      {product} {ergonomic}
     bool UseCompressedClassPointers               = true                                 {lp64_product} {ergonomic}
     bool UseCompressedOops                        = true                                 {lp64_product} {ergonomic}
     bool UseG1GC                                  = true                                      {product} {ergonomic}
     bool UseLargePagesIndividualAllocation        = false                                  {pd product} {ergonomic}

Logging:
Log output configuration:
 #0: stdout all=warning uptime,level,tags
 #1: stderr all=off uptime,level,tags

Environment Variables:
PATH=C:\Windows\system32;C:\Windows;C:\Windows\System32\Wbem;C:\Windows\System32\WindowsPowerShell\v1.0\;C:\Windows\System32\OpenSSH\;C:\Program Files\Git\cmd;C:\wamp64\bin\php\php8.0.13;C:\ProgramData\ComposerSetup\bin;C:\Program Files\nodejs\;C:\Program Files\PuTTY\;D:\Redis;C:\Users\gluis\AppData\Local\Microsoft\WindowsApps;C:\Program Files (x86)\Sophos\Sophos SSL VPN Client\bin;C:\Users\gluis\AppData\Local\Programs\Microsoft VS Code\bin;C:\Users\gluis\AppData\Roaming\Composer\vendor\bin;C:\Users\gluis\AppData\Roaming\npm;C:\Program Files\heroku\bin;D:\Redis;
USERNAME=Dario
OS=Windows_NT
PROCESSOR_IDENTIFIER=Intel64 Family 6 Model 142 Stepping 11, GenuineIntel



---------------  S Y S T E M  ---------------

OS: Windows 10 , 64 bit Build 22000 (10.0.22000.434)
OS uptime: 4 days 18:42 hours

CPU:total 8 (initial active 8) (4 cores per cpu, 2 threads per core) family 6 model 142 stepping 11 microcode 0xde, cmov, cx8, fxsr, mmx, sse, sse2, sse3, ssse3, sse4.1, sse4.2, popcnt, avx, avx2, aes, clmul, erms, 3dnowpref, lzcnt, ht, tsc, tscinvbit, bmi1, bmi2, adx, fma

Memory: 4k page, system-wide physical 8006M (1217M free)
TotalPageFile size 21415M (AvailPageFile size 8M)
current process WorkingSet (physical memory assigned to process): 342M, peak: 342M
current process commit charge ("private bytes"): 384M, peak: 385M

vm_info: OpenJDK 64-Bit Server VM (11.0.11+9-b60-7590822) for windows-amd64 JRE (11.0.11+9-b60-7590822), built on Jul 29 2021 21:43:44 by "builder" with MS VC++ 14.0 (VS2015)

END.
